<?xml version="1.0" encoding="UTF-8"?>
<!-- Generated by org.testng.reporters.JUnitReportReporter -->
<testsuite skipped="0" hostname="DESKTOP-TJOM4JO" name="test.by.epam.auction.parser.PageNumberParserTest" tests="11" failures="0" timestamp="25 Oct 2018 22:59:33 GMT" time="0.030" errors="0">
  <testcase name="isAbleToParseCorrectAmount" time="0.001" classname="test.by.epam.auction.parser.PageNumberParserTest"/>
  <testcase name="isAbleToParseCorrectAmount" time="0.001" classname="test.by.epam.auction.parser.PageNumberParserTest"/>
  <testcase name="isAbleToFilterOffIncorrectValues" time="0.007" classname="test.by.epam.auction.parser.PageNumberParserTest"/>
  <testcase name="isAbleToFilterOffIncorrectValues" time="0.003" classname="test.by.epam.auction.parser.PageNumberParserTest"/>
  <testcase name="isAbleToParseCorrectAmount" time="0.002" classname="test.by.epam.auction.parser.PageNumberParserTest"/>
  <testcase name="isAbleToParseCorrectAmount" time="0.006" classname="test.by.epam.auction.parser.PageNumberParserTest"/>
  <testcase name="isAbleToParseCorrectAmount" time="0.001" classname="test.by.epam.auction.parser.PageNumberParserTest"/>
  <testcase name="isAbleToParseCorrectAmount" time="0.001" classname="test.by.epam.auction.parser.PageNumberParserTest"/>
  <testcase name="isAbleToFilterOffIncorrectValues" time="0.004" classname="test.by.epam.auction.parser.PageNumberParserTest"/>
  <testcase name="isAbleToFilterOffIncorrectValues" time="0.002" classname="test.by.epam.auction.parser.PageNumberParserTest"/>
  <testcase name="isAbleToFilterOffIncorrectValues" time="0.002" classname="test.by.epam.auction.parser.PageNumberParserTest"/>
</testsuite> <!-- test.by.epam.auction.parser.PageNumberParserTest -->
