<?xml version="1.0" encoding="UTF-8"?>
<!-- Generated by org.testng.reporters.JUnitReportReporter -->
<testsuite skipped="0" hostname="DESKTOP-TJOM4JO" name="test.by.epam.auction.validator.ValidatorTest" tests="14" failures="0" timestamp="25 Oct 2018 22:59:34 GMT" time="0.041" errors="0">
  <testcase name="shouldReturnFalseIfNullPasswordProvided" time="0.001" classname="test.by.epam.auction.validator.ValidatorTest"/>
  <testcase name="validateTwoPasswordsWontMatchEachOther" time="0.002" classname="test.by.epam.auction.validator.ValidatorTest"/>
  <testcase name="shouldReturnFalseIfNullPasswordProvided" time="0.002" classname="test.by.epam.auction.validator.ValidatorTest"/>
  <testcase name="validateTwoPasswordsWontMatchEachOther" time="0.002" classname="test.by.epam.auction.validator.ValidatorTest"/>
  <testcase name="validateTwoPasswordsWontMatchEachOther" time="0.001" classname="test.by.epam.auction.validator.ValidatorTest"/>
  <testcase name="validateTwoPasswordsWontMatchEachOther" time="0.002" classname="test.by.epam.auction.validator.ValidatorTest"/>
  <testcase name="validateTwoPasswordsWontMatchEachOther" time="0.002" classname="test.by.epam.auction.validator.ValidatorTest"/>
  <testcase name="validateTwoPasswordsWontMatchEachOther" time="0.001" classname="test.by.epam.auction.validator.ValidatorTest"/>
  <testcase name="validateTwoPasswordsMatchEachOther" time="0.001" classname="test.by.epam.auction.validator.ValidatorTest"/>
  <testcase name="validateTwoPasswordsMatchEachOther" time="0.001" classname="test.by.epam.auction.validator.ValidatorTest"/>
  <testcase name="shouldReturnFalseIfNullPasswordProvided" time="0.018" classname="test.by.epam.auction.validator.ValidatorTest"/>
  <testcase name="shouldReturnFalseIfNullPasswordProvided" time="0.006" classname="test.by.epam.auction.validator.ValidatorTest"/>
  <testcase name="shouldReturnFalseIfNullPasswordProvided" time="0.001" classname="test.by.epam.auction.validator.ValidatorTest"/>
  <testcase name="validateTwoPasswordsMatchEachOther" time="0.001" classname="test.by.epam.auction.validator.ValidatorTest"/>
</testsuite> <!-- test.by.epam.auction.validator.ValidatorTest -->
