<?xml version="1.0" encoding="UTF-8"?>
<!-- Generated by org.testng.reporters.JUnitReportReporter -->
<testsuite skipped="0" hostname="DESKTOP-TJOM4JO" name="test.by.epam.auction.parser.IdParserTest" tests="11" failures="0" timestamp="25 Oct 2018 22:59:34 GMT" time="0.083" errors="0">
  <testcase name="isAbleToParseCorrectAmount" time="0.002" classname="test.by.epam.auction.parser.IdParserTest"/>
  <testcase name="isAbleToFilterOffIncorrectValues" time="0.004" classname="test.by.epam.auction.parser.IdParserTest"/>
  <testcase name="isAbleToParseCorrectAmount" time="0.001" classname="test.by.epam.auction.parser.IdParserTest"/>
  <testcase name="isAbleToFilterOffIncorrectValues" time="0.001" classname="test.by.epam.auction.parser.IdParserTest"/>
  <testcase name="isAbleToParseCorrectAmount" time="0.001" classname="test.by.epam.auction.parser.IdParserTest"/>
  <testcase name="isAbleToFilterOffIncorrectValues" time="0.001" classname="test.by.epam.auction.parser.IdParserTest"/>
  <testcase name="isAbleToFilterOffIncorrectValues" time="0.002" classname="test.by.epam.auction.parser.IdParserTest"/>
  <testcase name="isAbleToFilterOffIncorrectValues" time="0.001" classname="test.by.epam.auction.parser.IdParserTest"/>
  <testcase name="isAbleToParseCorrectAmount" time="0.002" classname="test.by.epam.auction.parser.IdParserTest"/>
  <testcase name="isAbleToParseCorrectAmount" time="0.002" classname="test.by.epam.auction.parser.IdParserTest"/>
  <testcase name="isAbleToFilterOffIncorrectValues" time="0.066" classname="test.by.epam.auction.parser.IdParserTest"/>
</testsuite> <!-- test.by.epam.auction.parser.IdParserTest -->
