<?xml version="1.0" encoding="UTF-8"?>
<!-- Generated by org.testng.reporters.JUnitReportReporter -->
<testsuite skipped="0" hostname="DESKTOP-TJOM4JO" name="test.by.epam.auction.parser.AmountParserTest" tests="10" failures="0" timestamp="25 Oct 2018 07:02:36 GMT" time="0.092" errors="0">
  <testcase name="isAbleToFilterOffIncorrectValues" time="0.061" classname="test.by.epam.auction.parser.AmountParserTest"/>
  <testcase name="isAbleToFilterOffIncorrectValues" time="0.000" classname="test.by.epam.auction.parser.AmountParserTest"/>
  <testcase name="isAbleToFilterOffIncorrectValues" time="0.000" classname="test.by.epam.auction.parser.AmountParserTest"/>
  <testcase name="isAbleToParseCorrectAmount" time="0.015" classname="test.by.epam.auction.parser.AmountParserTest"/>
  <testcase name="isAbleToParseCorrectAmount" time="0.000" classname="test.by.epam.auction.parser.AmountParserTest"/>
  <testcase name="isAbleToParseCorrectAmount" time="0.000" classname="test.by.epam.auction.parser.AmountParserTest"/>
  <testcase name="isAbleToParseCorrectAmount" time="0.000" classname="test.by.epam.auction.parser.AmountParserTest"/>
  <testcase name="isAbleToParseCorrectAmount" time="0.000" classname="test.by.epam.auction.parser.AmountParserTest"/>
  <testcase name="isAbleToFilterOffIncorrectValues" time="0.000" classname="test.by.epam.auction.parser.AmountParserTest"/>
  <testcase name="isAbleToFilterOffIncorrectValues" time="0.016" classname="test.by.epam.auction.parser.AmountParserTest"/>
</testsuite> <!-- test.by.epam.auction.parser.AmountParserTest -->
